d:\______________dersler_____________\4.sınıf\bahar dönemı\problems ın algorıthms and data structures\fınalexam\x64\debug\vc142.pdb
d:\______________dersler_____________\4.sınıf\bahar dönemı\problems ın algorıthms and data structures\fınalexam\x64\debug\vc142.ıdb
d:\______________dersler_____________\4.sınıf\bahar dönemı\problems ın algorıthms and data structures\fınalexam\x64\debug\q1test.obj
d:\______________dersler_____________\4.sınıf\bahar dönemı\problems ın algorıthms and data structures\fınalexam\x64\debug\q1.obj
d:\______________dersler_____________\4.sınıf\bahar dönemı\problems ın algorıthms and data structures\fınalexam\x64\debug\maın.obj
d:\______________dersler_____________\4.sınıf\bahar dönemı\problems ın algorıthms and data structures\fınalexam\x64\debug\q2test.obj
d:\______________dersler_____________\4.sınıf\bahar dönemı\problems ın algorıthms and data structures\fınalexam\x64\debug\q2.obj
d:\______________dersler_____________\4.sınıf\bahar dönemı\problems ın algorıthms and data structures\fınalexam\x64\debug\fınalexam.exe
d:\______________dersler_____________\4.sınıf\bahar dönemı\problems ın algorıthms and data structures\fınalexam\x64\debug\fınalexam.ılk
d:\______________dersler_____________\4.sınıf\bahar dönemı\problems ın algorıthms and data structures\fınalexam\x64\debug\fınalexam.pdb
d:\______________dersler_____________\4.sınıf\bahar dönemi\problems in algorithms and data structures\finalexam\x64\debug\main.obj
d:\______________dersler_____________\4.sınıf\bahar dönemi\problems in algorithms and data structures\finalexam\x64\debug\q1.obj
d:\______________dersler_____________\4.sınıf\bahar dönemi\problems in algorithms and data structures\finalexam\x64\debug\q1test.obj
d:\______________dersler_____________\4.sınıf\bahar dönemi\problems in algorithms and data structures\finalexam\x64\debug\q2test.obj
d:\______________dersler_____________\4.sınıf\bahar dönemi\problems in algorithms and data structures\finalexam\x64\debug\finalexam.ilk
d:\______________dersler_____________\4.sınıf\bahar dönemi\problems in algorithms and data structures\finalexam\x64\debug\vc142.idb
d:\______________dersler_____________\4.sınıf\bahar dönemi\problems in algorithms and data structures\finalexam\x64\debug\vc142.pdb
d:\______________dersler_____________\4.sınıf\bahar dönemi\problems in algorithms and data structures\finalexam\x64\debug\finalexam.tlog\cl.command.1.tlog
d:\______________dersler_____________\4.sınıf\bahar dönemi\problems in algorithms and data structures\finalexam\x64\debug\finalexam.tlog\cl.read.1.tlog
d:\______________dersler_____________\4.sınıf\bahar dönemi\problems in algorithms and data structures\finalexam\x64\debug\finalexam.tlog\cl.write.1.tlog
d:\______________dersler_____________\4.sınıf\bahar dönemi\problems in algorithms and data structures\finalexam\x64\debug\finalexam.tlog\link.command.1.tlog
d:\______________dersler_____________\4.sınıf\bahar dönemi\problems in algorithms and data structures\finalexam\x64\debug\finalexam.tlog\link.read.1.tlog
d:\______________dersler_____________\4.sınıf\bahar dönemi\problems in algorithms and data structures\finalexam\x64\debug\finalexam.tlog\link.write.1.tlog
